<?xml version="1.0" encoding="UTF-8"?>
<testsuite xmlns:xsi="http://www.w3.org/2001/XMLSchema-instance" xsi:noNamespaceSchemaLocation="https://maven.apache.org/surefire/maven-surefire-plugin/xsd/surefire-test-report.xsd" name="cn.lastwhisper.test.UserApplicationTests" time="0.365" tests="1" errors="1" skipped="0" failures="0">
  <properties>
[...]
</properties>
  <testcase name="initializationError" classname="cn.lastwhisper.test.UserApplicationTests" time="0.001">
    <error message="Unable to find a @SpringBootConfiguration, you need to use @ContextConfiguration or @SpringBootTest(classes=...) with your test" type="java.lang.IllegalStateException">java.lang.IllegalStateException: Unable to find a @SpringBootConfiguration, you need to use @ContextConfiguration or @SpringBootTest(classes=...) with your test
</error>
    <system-out><![CDATA[20:34:12.647 [main] DEBUG org.springframework.test.context.junit4.SpringJUnit4ClassRunner - SpringJUnit4ClassRunner constructor called with [class cn.lastwhisper.test.UserApplicationTests]
20:34:12.653 [main] DEBUG org.springframework.test.context.BootstrapUtils - Instantiating CacheAwareContextLoaderDelegate from class [org.springframework.test.context.cache.DefaultCacheAwareContextLoaderDelegate]
20:34:12.659 [main] DEBUG org.springframework.test.context.BootstrapUtils - Instantiating BootstrapContext using constructor [public org.springframework.test.context.support.DefaultBootstrapContext(java.lang.Class,org.springframework.test.context.CacheAwareContextLoaderDelegate)]
20:34:12.675 [main] DEBUG org.springframework.test.context.BootstrapUtils - Instantiating TestContextBootstrapper for test class [cn.lastwhisper.test.UserApplicationTests] from class [org.springframework.boot.test.context.SpringBootTestContextBootstrapper]
20:34:12.688 [main] INFO org.springframework.boot.test.context.SpringBootTestContextBootstrapper - Neither @ContextConfiguration nor @ContextHierarchy found for test class [cn.lastwhisper.test.UserApplicationTests], using SpringBootContextLoader
20:34:12.691 [main] DEBUG org.springframework.test.context.support.AbstractContextLoader - Did not detect default resource location for test class [cn.lastwhisper.test.UserApplicationTests]: class path resource [cn/lastwhisper/test/UserApplicationTests-context.xml] does not exist
20:34:12.692 [main] DEBUG org.springframework.test.context.support.AbstractContextLoader - Did not detect default resource location for test class [cn.lastwhisper.test.UserApplicationTests]: class path resource [cn/lastwhisper/test/UserApplicationTestsContext.groovy] does not exist
20:34:12.692 [main] INFO org.springframework.test.context.support.AbstractContextLoader - Could not detect default resource locations for test class [cn.lastwhisper.test.UserApplicationTests]: no resource found for suffixes {-context.xml, Context.groovy}.
20:34:12.693 [main] INFO org.springframework.test.context.support.AnnotationConfigContextLoaderUtils - Could not detect default configuration classes for test class [cn.lastwhisper.test.UserApplicationTests]: UserApplicationTests does not declare any static, non-private, non-final, nested classes annotated with @Configuration.
20:34:12.730 [main] DEBUG org.springframework.test.context.support.ActiveProfilesUtils - Could not find an 'annotation declaring class' for annotation type [org.springframework.test.context.ActiveProfiles] and class [cn.lastwhisper.test.UserApplicationTests]
20:34:12.737 [main] DEBUG org.springframework.core.env.StandardEnvironment - Adding PropertySource 'systemProperties' with lowest search precedence
20:34:12.737 [main] DEBUG org.springframework.core.env.StandardEnvironment - Adding PropertySource 'systemEnvironment' with lowest search precedence
20:34:12.738 [main] DEBUG org.springframework.core.env.StandardEnvironment - Initialized StandardEnvironment with PropertySources [MapPropertySource@1979313356 {name='systemProperties', properties={java.runtime.name=Java(TM) SE Runtime Environment, sun.boot.library.path=D:\develop_tool\rt\Java\jdk1.8.0_191\jre\bin, java.vm.version=25.191-b12, java.vm.vendor=Oracle Corporation, java.vendor.url=http://java.oracle.com/, path.separator=;, java.vm.name=Java HotSpot(TM) 64-Bit Server VM, file.encoding.pkg=sun.io, user.country=CN, user.script=, sun.java.launcher=SUN_STANDARD, sun.os.patch.level=, java.vm.specification.name=Java Virtual Machine Specification, user.dir=D:\code\GitRepository\Code\springcloud\user\user-server, java.runtime.version=1.8.0_191-b12, basedir=D:\code\GitRepository\Code\springcloud\user\user-server, java.awt.graphicsenv=sun.awt.Win32GraphicsEnvironment, java.endorsed.dirs=D:\develop_tool\rt\Java\jdk1.8.0_191\jre\lib\endorsed, os.arch=amd64, surefire.real.class.path=C:\Users\ADMINI~1\AppData\Local\Temp\surefire7737421907784690597\surefirebooter5429934574483770165.jar, java.io.tmpdir=C:\Users\ADMINI~1\AppData\Local\Temp\, line.separator=
, java.vm.specification.vendor=Oracle Corporation, user.variant=, os.name=Windows 10, sun.jnu.encoding=GBK, java.library.path=D:\develop_tool\rt\Java\jdk1.8.0_191\jre\bin;C:\WINDOWS\Sun\Java\bin;C:\WINDOWS\system32;C:\WINDOWS;C:\WINDOWS\system32;C:\WINDOWS;C:\WINDOWS\System32\Wbem;C:\WINDOWS\System32\WindowsPowerShell\v1.0\;C:\WINDOWS\System32\OpenSSH\;C:\Program Files (x86)\NVIDIA Corporation\PhysX\Common;D:\develop_tool\rt\Java\jdk1.8.0_191\bin;E:\Program Files\Git\cmd;E:\Program Files\TortoiseGit\bin;D:\develop_tool\tool\cmder;C:\Program Files\NVIDIA Corporation\NVIDIA NvDLISR;D:\develop_tool\tool\jad\jad158g.win\;D:\develop_tool\project\maven-3.5.4\bin;D:\develop_tool\db\MongoDB\Server\4.0\bin;D:\develop_tool\rt\nodejs\;D:\develop_tool\rt\nodejs\npm_modules;C:\Program Files\Intel\WiFi\bin\;C:\Program Files\Common Files\Intel\WirelessCommon\;E:\Program Files\Bandizip\;C:\Users\Administrator\AppData\Local\Microsoft\WindowsApps;C:\IDE\Microsoft VS Code\bin;C:\Users\Administrator\AppData\Roaming\npm;C:\Users\Administrator\AppData\Local\Programs\EmEditor;C:\Program Files\Intel\WiFi\bin\;C:\Program Files\Common Files\Intel\WirelessCommon\;., surefire.test.class.path=D:\code\GitRepository\Code\springcloud\user\user-server\target\test-classes;D:\code\GitRepository\Code\springcloud\user\user-server\target\classes;D:\develop_tool\project\MavenRepository\org\springframework\boot\spring-boot-starter-data-jpa\2.0.2.RELEASE\spring-boot-starter-data-jpa-2.0.2.RELEASE.jar;D:\develop_tool\project\MavenRepository\org\springframework\boot\spring-boot-starter\2.0.2.RELEASE\spring-boot-starter-2.0.2.RELEASE.jar;D:\develop_tool\project\MavenRepository\org\springframework\boot\spring-boot\2.0.2.RELEASE\spring-boot-2.0.2.RELEASE.jar;D:\develop_tool\project\MavenRepository\org\springframework\boot\spring-boot-starter-logging\2.0.2.RELEASE\spring-boot-starter-logging-2.0.2.RELEASE.jar;D:\develop_tool\project\MavenRepository\ch\qos\logback\logback-classic\1.2.3\logback-classic-1.2.3.jar;D:\develop_tool\project\MavenRepository\ch\qos\logback\logback-core\1.2.3\logback-core-1.2.3.jar;D:\develop_tool\project\MavenRepository\org\apache\logging\log4j\log4j-to-slf4j\2.10.0\log4j-to-slf4j-2.10.0.jar;D:\develop_tool\project\MavenRepository\org\apache\logging\log4j\log4j-api\2.10.0\log4j-api-2.10.0.jar;D:\develop_tool\project\MavenRepository\org\slf4j\jul-to-slf4j\1.7.25\jul-to-slf4j-1.7.25.jar;D:\develop_tool\project\MavenRepository\javax\annotation\javax.annotation-api\1.3.2\javax.annotation-api-1.3.2.jar;D:\develop_tool\project\MavenRepository\org\yaml\snakeyaml\1.19\snakeyaml-1.19.jar;D:\develop_tool\project\MavenRepository\org\springframework\boot\spring-boot-starter-aop\2.0.2.RELEASE\spring-boot-starter-aop-2.0.2.RELEASE.jar;D:\develop_tool\project\MavenRepository\org\springframework\spring-aop\5.0.6.RELEASE\spring-aop-5.0.6.RELEASE.jar;D:\develop_tool\project\MavenRepository\org\aspectj\aspectjweaver\1.8.13\aspectjweaver-1.8.13.jar;D:\develop_tool\project\MavenRepository\org\springframework\boot\spring-boot-starter-jdbc\2.0.2.RELEASE\spring-boot-starter-jdbc-2.0.2.RELEASE.jar;D:\develop_tool\project\MavenRepository\com\zaxxer\HikariCP\2.7.9\HikariCP-2.7.9.jar;D:\develop_tool\project\MavenRepository\org\springframework\spring-jdbc\5.0.6.RELEASE\spring-jdbc-5.0.6.RELEASE.jar;D:\develop_tool\project\MavenRepository\org\hibernate\hibernate-core\5.2.17.Final\hibernate-core-5.2.17.Final.jar;D:\develop_tool\project\MavenRepository\org\jboss\logging\jboss-logging\3.3.2.Final\jboss-logging-3.3.2.Final.jar;D:\develop_tool\project\MavenRepository\org\hibernate\javax\persistence\hibernate-jpa-2.1-api\1.0.0.Final\hibernate-jpa-2.1-api-1.0.0.Final.jar;D:\develop_tool\project\MavenRepository\org\javassist\javassist\3.22.0-GA\javassist-3.22.0-GA.jar;D:\develop_tool\project\MavenRepository\antlr\antlr\2.7.7\antlr-2.7.7.jar;D:\develop_tool\project\MavenRepository\org\jboss\jandex\2.0.3.Final\jandex-2.0.3.Final.jar;D:\develop_tool\project\MavenRepository\com\fasterxml\classmate\1.3.4\classmate-1.3.4.jar;D:\develop_tool\project\MavenRepository\dom4j\dom4j\1.6.1\dom4j-1.6.1.jar;D:\develop_tool\project\MavenRepository\org\hibernate\common\hibernate-commons-annotations\5.0.1.Final\hibernate-commons-annotations-5.0.1.Final.jar;D:\develop_tool\project\MavenRepository\javax\transaction\javax.transaction-api\1.2\javax.transaction-api-1.2.jar;D:\develop_tool\project\MavenRepository\org\springframework\data\spring-data-jpa\2.0.7.RELEASE\spring-data-jpa-2.0.7.RELEASE.jar;D:\develop_tool\project\MavenRepository\org\springframework\data\spring-data-commons\2.0.7.RELEASE\spring-data-commons-2.0.7.RELEASE.jar;D:\develop_tool\project\MavenRepository\org\springframework\spring-orm\5.0.6.RELEASE\spring-orm-5.0.6.RELEASE.jar;D:\develop_tool\project\MavenRepository\org\springframework\spring-context\5.0.6.RELEASE\spring-context-5.0.6.RELEASE.jar;D:\develop_tool\project\MavenRepository\org\springframework\spring-tx\5.0.6.RELEASE\spring-tx-5.0.6.RELEASE.jar;D:\develop_tool\project\MavenRepository\org\springframework\spring-beans\5.0.6.RELEASE\spring-beans-5.0.6.RELEASE.jar;D:\develop_tool\project\MavenRepository\org\slf4j\slf4j-api\1.7.25\slf4j-api-1.7.25.jar;D:\develop_tool\project\MavenRepository\org\springframework\spring-aspects\5.0.6.RELEASE\spring-aspects-5.0.6.RELEASE.jar;D:\develop_tool\project\MavenRepository\org\springframework\boot\spring-boot-starter-web\2.0.2.RELEASE\spring-boot-starter-web-2.0.2.RELEASE.jar;D:\develop_tool\project\MavenRepository\org\springframework\boot\spring-boot-starter-json\2.0.2.RELEASE\spring-boot-starter-json-2.0.2.RELEASE.jar;D:\develop_tool\project\MavenRepository\com\fasterxml\jackson\datatype\jackson-datatype-jdk8\2.9.5\jackson-datatype-jdk8-2.9.5.jar;D:\develop_tool\project\MavenRepository\com\fasterxml\jackson\datatype\jackson-datatype-jsr310\2.9.5\jackson-datatype-jsr310-2.9.5.jar;D:\develop_tool\project\MavenRepository\com\fasterxml\jackson\module\jackson-module-parameter-names\2.9.5\jackson-module-parameter-names-2.9.5.jar;D:\develop_tool\project\MavenRepository\org\springframework\boot\spring-boot-starter-tomcat\2.0.2.RELEASE\spring-boot-starter-tomcat-2.0.2.RELEASE.jar;D:\develop_tool\project\MavenRepository\org\apache\tomcat\embed\tomcat-embed-core\8.5.31\tomcat-embed-core-8.5.31.jar;D:\develop_tool\project\MavenRepository\org\apache\tomcat\embed\tomcat-embed-el\8.5.31\tomcat-embed-el-8.5.31.jar;D:\develop_tool\project\MavenRepository\org\apache\tomcat\embed\tomcat-embed-websocket\8.5.31\tomcat-embed-websocket-8.5.31.jar;D:\develop_tool\project\MavenRepository\org\hibernate\validator\hibernate-validator\6.0.9.Final\hibernate-validator-6.0.9.Final.jar;D:\develop_tool\project\MavenRepository\javax\validation\validation-api\2.0.1.Final\validation-api-2.0.1.Final.jar;D:\develop_tool\project\MavenRepository\org\springframework\spring-web\5.0.6.RELEASE\spring-web-5.0.6.RELEASE.jar;D:\develop_tool\project\MavenRepository\org\springframework\spring-webmvc\5.0.6.RELEASE\spring-webmvc-5.0.6.RELEASE.jar;D:\develop_tool\project\MavenRepository\org\springframework\spring-expression\5.0.6.RELEASE\spring-expression-5.0.6.RELEASE.jar;D:\develop_tool\project\MavenRepository\org\springframework\cloud\spring-cloud-starter-netflix-eureka-client\2.0.0.RELEASE\spring-cloud-starter-netflix-eureka-client-2.0.0.RELEASE.jar;D:\develop_tool\project\MavenRepository\org\springframework\cloud\spring-cloud-starter\2.0.0.RELEASE\spring-cloud-starter-2.0.0.RELEASE.jar;D:\develop_tool\project\MavenRepository\org\springframework\security\spring-security-rsa\1.0.5.RELEASE\spring-security-rsa-1.0.5.RELEASE.jar;D:\develop_tool\project\MavenRepository\org\bouncycastle\bcpkix-jdk15on\1.56\bcpkix-jdk15on-1.56.jar;D:\develop_tool\project\MavenRepository\org\bouncycastle\bcprov-jdk15on\1.56\bcprov-jdk15on-1.56.jar;D:\develop_tool\project\MavenRepository\org\springframework\cloud\spring-cloud-netflix-core\2.0.0.RELEASE\spring-cloud-netflix-core-2.0.0.RELEASE.jar;D:\develop_tool\project\MavenRepository\org\springframework\cloud\spring-cloud-netflix-eureka-client\2.0.0.RELEASE\spring-cloud-netflix-eureka-client-2.0.0.RELEASE.jar;D:\develop_tool\project\MavenRepository\com\netflix\eureka\eureka-client\1.9.2\eureka-client-1.9.2.jar;D:\develop_tool\project\MavenRepository\org\codehaus\jettison\jettison\1.3.7\jettison-1.3.7.jar;D:\develop_tool\project\MavenRepository\stax\stax-api\1.0.1\stax-api-1.0.1.jar;D:\develop_tool\project\MavenRepository\com\netflix\netflix-commons\netflix-eventbus\0.3.0\netflix-eventbus-0.3.0.jar;D:\develop_tool\project\MavenRepository\com\netflix\netflix-commons\netflix-infix\0.3.0\netflix-infix-0.3.0.jar;D:\develop_tool\project\MavenRepository\commons-jxpath\commons-jxpath\1.3\commons-jxpath-1.3.jar;D:\develop_tool\project\MavenRepository\joda-time\joda-time\2.9.9\joda-time-2.9.9.jar;D:\develop_tool\project\MavenRepository\org\antlr\antlr-runtime\3.4\antlr-runtime-3.4.jar;D:\develop_tool\project\MavenRepository\org\antlr\stringtemplate\3.2.1\stringtemplate-3.2.1.jar;D:\develop_tool\project\MavenRepository\com\google\code\gson\gson\2.8.4\gson-2.8.4.jar;D:\develop_tool\project\MavenRepository\org\apache\commons\commons-math\2.2\commons-math-2.2.jar;D:\develop_tool\project\MavenRepository\com\netflix\archaius\archaius-core\0.7.6\archaius-core-0.7.6.jar;D:\develop_tool\project\MavenRepository\com\google\guava\guava\16.0\guava-16.0.jar;D:\develop_tool\project\MavenRepository\javax\ws\rs\jsr311-api\1.1.1\jsr311-api-1.1.1.jar;D:\develop_tool\project\MavenRepository\com\netflix\servo\servo-core\0.12.21\servo-core-0.12.21.jar;D:\develop_tool\project\MavenRepository\com\sun\jersey\jersey-core\1.19.1\jersey-core-1.19.1.jar;D:\develop_tool\project\MavenRepository\com\sun\jersey\jersey-client\1.19.1\jersey-client-1.19.1.jar;D:\develop_tool\project\MavenRepository\com\sun\jersey\contribs\jersey-apache-client4\1.19.1\jersey-apache-client4-1.19.1.jar;D:\develop_tool\project\MavenRepository\org\apache\httpcomponents\httpclient\4.5.5\httpclient-4.5.5.jar;D:\develop_tool\project\MavenRepository\org\apache\httpcomponents\httpcore\4.4.9\httpcore-4.4.9.jar;D:\develop_tool\project\MavenRepository\commons-codec\commons-codec\1.11\commons-codec-1.11.jar;D:\develop_tool\project\MavenRepository\com\google\inject\guice\4.1.0\guice-4.1.0.jar;D:\develop_tool\project\MavenRepository\javax\inject\javax.inject\1\javax.inject-1.jar;D:\develop_tool\project\MavenRepository\aopalliance\aopalliance\1.0\aopalliance-1.0.jar;D:\develop_tool\project\MavenRepository\com\github\vlsi\compactmap\compactmap\1.2.1\compactmap-1.2.1.jar;D:\develop_tool\project\MavenRepository\com\github\andrewoma\dexx\dexx-collections\0.2\dexx-collections-0.2.jar;D:\develop_tool\project\MavenRepository\com\fasterxml\jackson\core\jackson-core\2.9.5\jackson-core-2.9.5.jar;D:\develop_tool\project\MavenRepository\com\netflix\eureka\eureka-core\1.9.2\eureka-core-1.9.2.jar;D:\develop_tool\project\MavenRepository\org\codehaus\woodstox\woodstox-core-asl\4.4.1\woodstox-core-asl-4.4.1.jar;D:\develop_tool\project\MavenRepository\javax\xml\stream\stax-api\1.0-2\stax-api-1.0-2.jar;D:\develop_tool\project\MavenRepository\org\codehaus\woodstox\stax2-api\3.1.4\stax2-api-3.1.4.jar;D:\develop_tool\project\MavenRepository\org\springframework\cloud\spring-cloud-starter-netflix-archaius\2.0.0.RELEASE\spring-cloud-starter-netflix-archaius-2.0.0.RELEASE.jar;D:\develop_tool\project\MavenRepository\org\springframework\cloud\spring-cloud-netflix-ribbon\2.0.0.RELEASE\spring-cloud-netflix-ribbon-2.0.0.RELEASE.jar;D:\develop_tool\project\MavenRepository\org\springframework\cloud\spring-cloud-netflix-archaius\2.0.0.RELEASE\spring-cloud-netflix-archaius-2.0.0.RELEASE.jar;D:\develop_tool\project\MavenRepository\commons-configuration\commons-configuration\1.8\commons-configuration-1.8.jar;D:\develop_tool\project\MavenRepository\commons-lang\commons-lang\2.6\commons-lang-2.6.jar;D:\develop_tool\project\MavenRepository\org\springframework\cloud\spring-cloud-starter-netflix-ribbon\2.0.0.RELEASE\spring-cloud-starter-netflix-ribbon-2.0.0.RELEASE.jar;D:\develop_tool\project\MavenRepository\com\netflix\ribbon\ribbon\2.2.5\ribbon-2.2.5.jar;D:\develop_tool\project\MavenRepository\com\netflix\ribbon\ribbon-transport\2.2.5\ribbon-transport-2.2.5.jar;D:\develop_tool\project\MavenRepository\io\reactivex\rxnetty-contexts\0.4.9\rxnetty-contexts-0.4.9.jar;D:\develop_tool\project\MavenRepository\io\reactivex\rxnetty-servo\0.4.9\rxnetty-servo-0.4.9.jar;D:\develop_tool\project\MavenRepository\com\netflix\hystrix\hystrix-core\1.5.12\hystrix-core-1.5.12.jar;D:\develop_tool\project\MavenRepository\org\hdrhistogram\HdrHistogram\2.1.9\HdrHistogram-2.1.9.jar;D:\develop_tool\project\MavenRepository\io\reactivex\rxnetty\0.4.9\rxnetty-0.4.9.jar;D:\develop_tool\project\MavenRepository\io\netty\netty-codec-http\4.1.24.Final\netty-codec-http-4.1.24.Final.jar;D:\develop_tool\project\MavenRepository\io\netty\netty-codec\4.1.24.Final\netty-codec-4.1.24.Final.jar;D:\develop_tool\project\MavenRepository\io\netty\netty-transport-native-epoll\4.1.24.Final\netty-transport-native-epoll-4.1.24.Final.jar;D:\develop_tool\project\MavenRepository\io\netty\netty-common\4.1.24.Final\netty-common-4.1.24.Final.jar;D:\develop_tool\project\MavenRepository\io\netty\netty-buffer\4.1.24.Final\netty-buffer-4.1.24.Final.jar;D:\develop_tool\project\MavenRepository\io\netty\netty-transport-native-unix-common\4.1.24.Final\netty-transport-native-unix-common-4.1.24.Final.jar;D:\develop_tool\project\MavenRepository\io\netty\netty-transport\4.1.24.Final\netty-transport-4.1.24.Final.jar;D:\develop_tool\project\MavenRepository\io\netty\netty-resolver\4.1.24.Final\netty-resolver-4.1.24.Final.jar;D:\develop_tool\project\MavenRepository\com\netflix\ribbon\ribbon-core\2.2.5\ribbon-core-2.2.5.jar;D:\develop_tool\project\MavenRepository\com\netflix\ribbon\ribbon-httpclient\2.2.5\ribbon-httpclient-2.2.5.jar;D:\develop_tool\project\MavenRepository\commons-collections\commons-collections\3.2.2\commons-collections-3.2.2.jar;D:\develop_tool\project\MavenRepository\com\netflix\netflix-commons\netflix-commons-util\0.3.0\netflix-commons-util-0.3.0.jar;D:\develop_tool\project\MavenRepository\com\netflix\ribbon\ribbon-loadbalancer\2.2.5\ribbon-loadbalancer-2.2.5.jar;D:\develop_tool\project\MavenRepository\com\netflix\netflix-commons\netflix-statistics\0.1.1\netflix-statistics-0.1.1.jar;D:\develop_tool\project\MavenRepository\io\reactivex\rxjava\1.3.8\rxjava-1.3.8.jar;D:\develop_tool\project\MavenRepository\com\netflix\ribbon\ribbon-eureka\2.2.5\ribbon-eureka-2.2.5.jar;D:\develop_tool\project\MavenRepository\com\thoughtworks\xstream\xstream\1.4.10\xstream-1.4.10.jar;D:\develop_tool\project\MavenRepository\xmlpull\xmlpull\1.1.3.1\xmlpull-1.1.3.1.jar;D:\develop_tool\project\MavenRepository\xpp3\xpp3_min\1.1.4c\xpp3_min-1.1.4c.jar;D:\develop_tool\project\MavenRepository\org\springframework\cloud\spring-cloud-config-client\2.0.0.RELEASE\spring-cloud-config-client-2.0.0.RELEASE.jar;D:\develop_tool\project\MavenRepository\org\springframework\boot\spring-boot-autoconfigure\2.0.2.RELEASE\spring-boot-autoconfigure-2.0.2.RELEASE.jar;D:\develop_tool\project\MavenRepository\org\springframework\cloud\spring-cloud-commons\2.0.0.RELEASE\spring-cloud-commons-2.0.0.RELEASE.jar;D:\develop_tool\project\MavenRepository\org\springframework\security\spring-security-crypto\5.0.5.RELEASE\spring-security-crypto-5.0.5.RELEASE.jar;D:\develop_tool\project\MavenRepository\org\springframework\cloud\spring-cloud-context\2.0.0.RELEASE\spring-cloud-context-2.0.0.RELEASE.jar;D:\develop_tool\project\MavenRepository\com\fasterxml\jackson\core\jackson-annotations\2.9.0\jackson-annotations-2.9.0.jar;D:\develop_tool\project\MavenRepository\com\fasterxml\jackson\core\jackson-databind\2.9.5\jackson-databind-2.9.5.jar;D:\develop_tool\project\MavenRepository\org\springframework\boot\spring-boot-starter-amqp\2.0.2.RELEASE\spring-boot-starter-amqp-2.0.2.RELEASE.jar;D:\develop_tool\project\MavenRepository\org\springframework\spring-messaging\5.0.6.RELEASE\spring-messaging-5.0.6.RELEASE.jar;D:\develop_tool\project\MavenRepository\org\springframework\amqp\spring-rabbit\2.0.3.RELEASE\spring-rabbit-2.0.3.RELEASE.jar;D:\develop_tool\project\MavenRepository\org\springframework\amqp\spring-amqp\2.0.3.RELEASE\spring-amqp-2.0.3.RELEASE.jar;D:\develop_tool\project\MavenRepository\com\rabbitmq\amqp-client\5.1.2\amqp-client-5.1.2.jar;D:\develop_tool\project\MavenRepository\org\springframework\retry\spring-retry\1.2.2.RELEASE\spring-retry-1.2.2.RELEASE.jar;D:\develop_tool\project\MavenRepository\mysql\mysql-connector-java\5.1.46\mysql-connector-java-5.1.46.jar;D:\develop_tool\project\MavenRepository\org\projectlombok\lombok\1.16.20\lombok-1.16.20.jar;D:\develop_tool\project\MavenRepository\org\springframework\boot\spring-boot-starter-test\2.0.2.RELEASE\spring-boot-starter-test-2.0.2.RELEASE.jar;D:\develop_tool\project\MavenRepository\org\springframework\boot\spring-boot-test\2.0.2.RELEASE\spring-boot-test-2.0.2.RELEASE.jar;D:\develop_tool\project\MavenRepository\org\springframework\boot\spring-boot-test-autoconfigure\2.0.2.RELEASE\spring-boot-test-autoconfigure-2.0.2.RELEASE.jar;D:\develop_tool\project\MavenRepository\com\jayway\jsonpath\json-path\2.4.0\json-path-2.4.0.jar;D:\develop_tool\project\MavenRepository\net\minidev\json-smart\2.3\json-smart-2.3.jar;D:\develop_tool\project\MavenRepository\net\minidev\accessors-smart\1.2\accessors-smart-1.2.jar;D:\develop_tool\project\MavenRepository\org\ow2\asm\asm\5.0.4\asm-5.0.4.jar;D:\develop_tool\project\MavenRepository\junit\junit\4.12\junit-4.12.jar;D:\develop_tool\project\MavenRepository\org\assertj\assertj-core\3.9.1\assertj-core-3.9.1.jar;D:\develop_tool\project\MavenRepository\org\mockito\mockito-core\2.15.0\mockito-core-2.15.0.jar;D:\develop_tool\project\MavenRepository\net\bytebuddy\byte-buddy\1.7.11\byte-buddy-1.7.11.jar;D:\develop_tool\project\MavenRepository\net\bytebuddy\byte-buddy-agent\1.7.11\byte-buddy-agent-1.7.11.jar;D:\develop_tool\project\MavenRepository\org\objenesis\objenesis\2.6\objenesis-2.6.jar;D:\develop_tool\project\MavenRepository\org\hamcrest\hamcrest-core\1.3\hamcrest-core-1.3.jar;D:\develop_tool\project\MavenRepository\org\hamcrest\hamcrest-library\1.3\hamcrest-library-1.3.jar;D:\develop_tool\project\MavenRepository\org\skyscreamer\jsonassert\1.5.0\jsonassert-1.5.0.jar;D:\develop_tool\project\MavenRepository\com\vaadin\external\google\android-json\0.0.20131108.vaadin1\android-json-0.0.20131108.vaadin1.jar;D:\develop_tool\project\MavenRepository\org\springframework\spring-core\5.0.6.RELEASE\spring-core-5.0.6.RELEASE.jar;D:\develop_tool\project\MavenRepository\org\springframework\spring-jcl\5.0.6.RELEASE\spring-jcl-5.0.6.RELEASE.jar;D:\develop_tool\project\MavenRepository\org\springframework\spring-test\5.0.6.RELEASE\spring-test-5.0.6.RELEASE.jar;D:\develop_tool\project\MavenRepository\org\xmlunit\xmlunit-core\2.5.1\xmlunit-core-2.5.1.jar;, java.specification.name=Java Platform API Specification, java.class.version=52.0, sun.management.compiler=HotSpot 64-Bit Tiered Compilers, os.version=10.0, user.home=C:\Users\Administrator, user.timezone=Asia/Shanghai, java.awt.printerjob=sun.awt.windows.WPrinterJob, file.encoding=GBK, java.specification.version=1.8, idea.version2019.2.3=true, java.class.path=D:\code\GitRepository\Code\springcloud\user\user-server\target\test-classes;D:\code\GitRepository\Code\springcloud\user\user-server\target\classes;D:\develop_tool\project\MavenRepository\org\springframework\boot\spring-boot-starter-data-jpa\2.0.2.RELEASE\spring-boot-starter-data-jpa-2.0.2.RELEASE.jar;D:\develop_tool\project\MavenRepository\org\springframework\boot\spring-boot-starter\2.0.2.RELEASE\spring-boot-starter-2.0.2.RELEASE.jar;D:\develop_tool\project\MavenRepository\org\springframework\boot\spring-boot\2.0.2.RELEASE\spring-boot-2.0.2.RELEASE.jar;D:\develop_tool\project\MavenRepository\org\springframework\boot\spring-boot-starter-logging\2.0.2.RELEASE\spring-boot-starter-logging-2.0.2.RELEASE.jar;D:\develop_tool\project\MavenRepository\ch\qos\logback\logback-classic\1.2.3\logback-classic-1.2.3.jar;D:\develop_tool\project\MavenRepository\ch\qos\logback\logback-core\1.2.3\logback-core-1.2.3.jar;D:\develop_tool\project\MavenRepository\org\apache\logging\log4j\log4j-to-slf4j\2.10.0\log4j-to-slf4j-2.10.0.jar;D:\develop_tool\project\MavenRepository\org\apache\logging\log4j\log4j-api\2.10.0\log4j-api-2.10.0.jar;D:\develop_tool\project\MavenRepository\org\slf4j\jul-to-slf4j\1.7.25\jul-to-slf4j-1.7.25.jar;D:\develop_tool\project\MavenRepository\javax\annotation\javax.annotation-api\1.3.2\javax.annotation-api-1.3.2.jar;D:\develop_tool\project\MavenRepository\org\yaml\snakeyaml\1.19\snakeyaml-1.19.jar;D:\develop_tool\project\MavenRepository\org\springframework\boot\spring-boot-starter-aop\2.0.2.RELEASE\spring-boot-starter-aop-2.0.2.RELEASE.jar;D:\develop_tool\project\MavenRepository\org\springframework\spring-aop\5.0.6.RELEASE\spring-aop-5.0.6.RELEASE.jar;D:\develop_tool\project\MavenRepository\org\aspectj\aspectjweaver\1.8.13\aspectjweaver-1.8.13.jar;D:\develop_tool\project\MavenRepository\org\springframework\boot\spring-boot-starter-jdbc\2.0.2.RELEASE\spring-boot-starter-jdbc-2.0.2.RELEASE.jar;D:\develop_tool\project\MavenRepository\com\zaxxer\HikariCP\2.7.9\HikariCP-2.7.9.jar;D:\develop_tool\project\MavenRepository\org\springframework\spring-jdbc\5.0.6.RELEASE\spring-jdbc-5.0.6.RELEASE.jar;D:\develop_tool\project\MavenRepository\org\hibernate\hibernate-core\5.2.17.Final\hibernate-core-5.2.17.Final.jar;D:\develop_tool\project\MavenRepository\org\jboss\logging\jboss-logging\3.3.2.Final\jboss-logging-3.3.2.Final.jar;D:\develop_tool\project\MavenRepository\org\hibernate\javax\persistence\hibernate-jpa-2.1-api\1.0.0.Final\hibernate-jpa-2.1-api-1.0.0.Final.jar;D:\develop_tool\project\MavenRepository\org\javassist\javassist\3.22.0-GA\javassist-3.22.0-GA.jar;D:\develop_tool\project\MavenRepository\antlr\antlr\2.7.7\antlr-2.7.7.jar;D:\develop_tool\project\MavenRepository\org\jboss\jandex\2.0.3.Final\jandex-2.0.3.Final.jar;D:\develop_tool\project\MavenRepository\com\fasterxml\classmate\1.3.4\classmate-1.3.4.jar;D:\develop_tool\project\MavenRepository\dom4j\dom4j\1.6.1\dom4j-1.6.1.jar;D:\develop_tool\project\MavenRepository\org\hibernate\common\hibernate-commons-annotations\5.0.1.Final\hibernate-commons-annotations-5.0.1.Final.jar;D:\develop_tool\project\MavenRepository\javax\transaction\javax.transaction-api\1.2\javax.transaction-api-1.2.jar;D:\develop_tool\project\MavenRepository\org\springframework\data\spring-data-jpa\2.0.7.RELEASE\spring-data-jpa-2.0.7.RELEASE.jar;D:\develop_tool\project\MavenRepository\org\springframework\data\spring-data-commons\2.0.7.RELEASE\spring-data-commons-2.0.7.RELEASE.jar;D:\develop_tool\project\MavenRepository\org\springframework\spring-orm\5.0.6.RELEASE\spring-orm-5.0.6.RELEASE.jar;D:\develop_tool\project\MavenRepository\org\springframework\spring-context\5.0.6.RELEASE\spring-context-5.0.6.RELEASE.jar;D:\develop_tool\project\MavenRepository\org\springframework\spring-tx\5.0.6.RELEASE\spring-tx-5.0.6.RELEASE.jar;D:\develop_tool\project\MavenRepository\org\springframework\spring-beans\5.0.6.RELEASE\spring-beans-5.0.6.RELEASE.jar;D:\develop_tool\project\MavenRepository\org\slf4j\slf4j-api\1.7.25\slf4j-api-1.7.25.jar;D:\develop_tool\project\MavenRepository\org\springframework\spring-aspects\5.0.6.RELEASE\spring-aspects-5.0.6.RELEASE.jar;D:\develop_tool\project\MavenRepository\org\springframework\boot\spring-boot-starter-web\2.0.2.RELEASE\spring-boot-starter-web-2.0.2.RELEASE.jar;D:\develop_tool\project\MavenRepository\org\springframework\boot\spring-boot-starter-json\2.0.2.RELEASE\spring-boot-starter-json-2.0.2.RELEASE.jar;D:\develop_tool\project\MavenRepository\com\fasterxml\jackson\datatype\jackson-datatype-jdk8\2.9.5\jackson-datatype-jdk8-2.9.5.jar;D:\develop_tool\project\MavenRepository\com\fasterxml\jackson\datatype\jackson-datatype-jsr310\2.9.5\jackson-datatype-jsr310-2.9.5.jar;D:\develop_tool\project\MavenRepository\com\fasterxml\jackson\module\jackson-module-parameter-names\2.9.5\jackson-module-parameter-names-2.9.5.jar;D:\develop_tool\project\MavenRepository\org\springframework\boot\spring-boot-starter-tomcat\2.0.2.RELEASE\spring-boot-starter-tomcat-2.0.2.RELEASE.jar;D:\develop_tool\project\MavenRepository\org\apache\tomcat\embed\tomcat-embed-core\8.5.31\tomcat-embed-core-8.5.31.jar;D:\develop_tool\project\MavenRepository\org\apache\tomcat\embed\tomcat-embed-el\8.5.31\tomcat-embed-el-8.5.31.jar;D:\develop_tool\project\MavenRepository\org\apache\tomcat\embed\tomcat-embed-websocket\8.5.31\tomcat-embed-websocket-8.5.31.jar;D:\develop_tool\project\MavenRepository\org\hibernate\validator\hibernate-validator\6.0.9.Final\hibernate-validator-6.0.9.Final.jar;D:\develop_tool\project\MavenRepository\javax\validation\validation-api\2.0.1.Final\validation-api-2.0.1.Final.jar;D:\develop_tool\project\MavenRepository\org\springframework\spring-web\5.0.6.RELEASE\spring-web-5.0.6.RELEASE.jar;D:\develop_tool\project\MavenRepository\org\springframework\spring-webmvc\5.0.6.RELEASE\spring-webmvc-5.0.6.RELEASE.jar;D:\develop_tool\project\MavenRepository\org\springframework\spring-expression\5.0.6.RELEASE\spring-expression-5.0.6.RELEASE.jar;D:\develop_tool\project\MavenRepository\org\springframework\cloud\spring-cloud-starter-netflix-eureka-client\2.0.0.RELEASE\spring-cloud-starter-netflix-eureka-client-2.0.0.RELEASE.jar;D:\develop_tool\project\MavenRepository\org\springframework\cloud\spring-cloud-starter\2.0.0.RELEASE\spring-cloud-starter-2.0.0.RELEASE.jar;D:\develop_tool\project\MavenRepository\org\springframework\security\spring-security-rsa\1.0.5.RELEASE\spring-security-rsa-1.0.5.RELEASE.jar;D:\develop_tool\project\MavenRepository\org\bouncycastle\bcpkix-jdk15on\1.56\bcpkix-jdk15on-1.56.jar;D:\develop_tool\project\MavenRepository\org\bouncycastle\bcprov-jdk15on\1.56\bcprov-jdk15on-1.56.jar;D:\develop_tool\project\MavenRepository\org\springframework\cloud\spring-cloud-netflix-core\2.0.0.RELEASE\spring-cloud-netflix-core-2.0.0.RELEASE.jar;D:\develop_tool\project\MavenRepository\org\springframework\cloud\spring-cloud-netflix-eureka-client\2.0.0.RELEASE\spring-cloud-netflix-eureka-client-2.0.0.RELEASE.jar;D:\develop_tool\project\MavenRepository\com\netflix\eureka\eureka-client\1.9.2\eureka-client-1.9.2.jar;D:\develop_tool\project\MavenRepository\org\codehaus\jettison\jettison\1.3.7\jettison-1.3.7.jar;D:\develop_tool\project\MavenRepository\stax\stax-api\1.0.1\stax-api-1.0.1.jar;D:\develop_tool\project\MavenRepository\com\netflix\netflix-commons\netflix-eventbus\0.3.0\netflix-eventbus-0.3.0.jar;D:\develop_tool\project\MavenRepository\com\netflix\netflix-commons\netflix-infix\0.3.0\netflix-infix-0.3.0.jar;D:\develop_tool\project\MavenRepository\commons-jxpath\commons-jxpath\1.3\commons-jxpath-1.3.jar;D:\develop_tool\project\MavenRepository\joda-time\joda-time\2.9.9\joda-time-2.9.9.jar;D:\develop_tool\project\MavenRepository\org\antlr\antlr-runtime\3.4\antlr-runtime-3.4.jar;D:\develop_tool\project\MavenRepository\org\antlr\stringtemplate\3.2.1\stringtemplate-3.2.1.jar;D:\develop_tool\project\MavenRepository\com\google\code\gson\gson\2.8.4\gson-2.8.4.jar;D:\develop_tool\project\MavenRepository\org\apache\commons\commons-math\2.2\commons-math-2.2.jar;D:\develop_tool\project\MavenRepository\com\netflix\archaius\archaius-core\0.7.6\archaius-core-0.7.6.jar;D:\develop_tool\project\MavenRepository\com\google\guava\guava\16.0\guava-16.0.jar;D:\develop_tool\project\MavenRepository\javax\ws\rs\jsr311-api\1.1.1\jsr311-api-1.1.1.jar;D:\develop_tool\project\MavenRepository\com\netflix\servo\servo-core\0.12.21\servo-core-0.12.21.jar;D:\develop_tool\project\MavenRepository\com\sun\jersey\jersey-core\1.19.1\jersey-core-1.19.1.jar;D:\develop_tool\project\MavenRepository\com\sun\jersey\jersey-client\1.19.1\jersey-client-1.19.1.jar;D:\develop_tool\project\MavenRepository\com\sun\jersey\contribs\jersey-apache-client4\1.19.1\jersey-apache-client4-1.19.1.jar;D:\develop_tool\project\MavenRepository\org\apache\httpcomponents\httpclient\4.5.5\httpclient-4.5.5.jar;D:\develop_tool\project\MavenRepository\org\apache\httpcomponents\httpcore\4.4.9\httpcore-4.4.9.jar;D:\develop_tool\project\MavenRepository\commons-codec\commons-codec\1.11\commons-codec-1.11.jar;D:\develop_tool\project\MavenRepository\com\google\inject\guice\4.1.0\guice-4.1.0.jar;D:\develop_tool\project\MavenRepository\javax\inject\javax.inject\1\javax.inject-1.jar;D:\develop_tool\project\MavenRepository\aopalliance\aopalliance\1.0\aopalliance-1.0.jar;D:\develop_tool\project\MavenRepository\com\github\vlsi\compactmap\compactmap\1.2.1\compactmap-1.2.1.jar;D:\develop_tool\project\MavenRepository\com\github\andrewoma\dexx\dexx-collections\0.2\dexx-collections-0.2.jar;D:\develop_tool\project\MavenRepository\com\fasterxml\jackson\core\jackson-core\2.9.5\jackson-core-2.9.5.jar;D:\develop_tool\project\MavenRepository\com\netflix\eureka\eureka-core\1.9.2\eureka-core-1.9.2.jar;D:\develop_tool\project\MavenRepository\org\codehaus\woodstox\woodstox-core-asl\4.4.1\woodstox-core-asl-4.4.1.jar;D:\develop_tool\project\MavenRepository\javax\xml\stream\stax-api\1.0-2\stax-api-1.0-2.jar;D:\develop_tool\project\MavenRepository\org\codehaus\woodstox\stax2-api\3.1.4\stax2-api-3.1.4.jar;D:\develop_tool\project\MavenRepository\org\springframework\cloud\spring-cloud-starter-netflix-archaius\2.0.0.RELEASE\spring-cloud-starter-netflix-archaius-2.0.0.RELEASE.jar;D:\develop_tool\project\MavenRepository\org\springframework\cloud\spring-cloud-netflix-ribbon\2.0.0.RELEASE\spring-cloud-netflix-ribbon-2.0.0.RELEASE.jar;D:\develop_tool\project\MavenRepository\org\springframework\cloud\spring-cloud-netflix-archaius\2.0.0.RELEASE\spring-cloud-netflix-archaius-2.0.0.RELEASE.jar;D:\develop_tool\project\MavenRepository\commons-configuration\commons-configuration\1.8\commons-configuration-1.8.jar;D:\develop_tool\project\MavenRepository\commons-lang\commons-lang\2.6\commons-lang-2.6.jar;D:\develop_tool\project\MavenRepository\org\springframework\cloud\spring-cloud-starter-netflix-ribbon\2.0.0.RELEASE\spring-cloud-starter-netflix-ribbon-2.0.0.RELEASE.jar;D:\develop_tool\project\MavenRepository\com\netflix\ribbon\ribbon\2.2.5\ribbon-2.2.5.jar;D:\develop_tool\project\MavenRepository\com\netflix\ribbon\ribbon-transport\2.2.5\ribbon-transport-2.2.5.jar;D:\develop_tool\project\MavenRepository\io\reactivex\rxnetty-contexts\0.4.9\rxnetty-contexts-0.4.9.jar;D:\develop_tool\project\MavenRepository\io\reactivex\rxnetty-servo\0.4.9\rxnetty-servo-0.4.9.jar;D:\develop_tool\project\MavenRepository\com\netflix\hystrix\hystrix-core\1.5.12\hystrix-core-1.5.12.jar;D:\develop_tool\project\MavenRepository\org\hdrhistogram\HdrHistogram\2.1.9\HdrHistogram-2.1.9.jar;D:\develop_tool\project\MavenRepository\io\reactivex\rxnetty\0.4.9\rxnetty-0.4.9.jar;D:\develop_tool\project\MavenRepository\io\netty\netty-codec-http\4.1.24.Final\netty-codec-http-4.1.24.Final.jar;D:\develop_tool\project\MavenRepository\io\netty\netty-codec\4.1.24.Final\netty-codec-4.1.24.Final.jar;D:\develop_tool\project\MavenRepository\io\netty\netty-transport-native-epoll\4.1.24.Final\netty-transport-native-epoll-4.1.24.Final.jar;D:\develop_tool\project\MavenRepository\io\netty\netty-common\4.1.24.Final\netty-common-4.1.24.Final.jar;D:\develop_tool\project\MavenRepository\io\netty\netty-buffer\4.1.24.Final\netty-buffer-4.1.24.Final.jar;D:\develop_tool\project\MavenRepository\io\netty\netty-transport-native-unix-common\4.1.24.Final\netty-transport-native-unix-common-4.1.24.Final.jar;D:\develop_tool\project\MavenRepository\io\netty\netty-transport\4.1.24.Final\netty-transport-4.1.24.Final.jar;D:\develop_tool\project\MavenRepository\io\netty\netty-resolver\4.1.24.Final\netty-resolver-4.1.24.Final.jar;D:\develop_tool\project\MavenRepository\com\netflix\ribbon\ribbon-core\2.2.5\ribbon-core-2.2.5.jar;D:\develop_tool\project\MavenRepository\com\netflix\ribbon\ribbon-httpclient\2.2.5\ribbon-httpclient-2.2.5.jar;D:\develop_tool\project\MavenRepository\commons-collections\commons-collections\3.2.2\commons-collections-3.2.2.jar;D:\develop_tool\project\MavenRepository\com\netflix\netflix-commons\netflix-commons-util\0.3.0\netflix-commons-util-0.3.0.jar;D:\develop_tool\project\MavenRepository\com\netflix\ribbon\ribbon-loadbalancer\2.2.5\ribbon-loadbalancer-2.2.5.jar;D:\develop_tool\project\MavenRepository\com\netflix\netflix-commons\netflix-statistics\0.1.1\netflix-statistics-0.1.1.jar;D:\develop_tool\project\MavenRepository\io\reactivex\rxjava\1.3.8\rxjava-1.3.8.jar;D:\develop_tool\project\MavenRepository\com\netflix\ribbon\ribbon-eureka\2.2.5\ribbon-eureka-2.2.5.jar;D:\develop_tool\project\MavenRepository\com\thoughtworks\xstream\xstream\1.4.10\xstream-1.4.10.jar;D:\develop_tool\project\MavenRepository\xmlpull\xmlpull\1.1.3.1\xmlpull-1.1.3.1.jar;D:\develop_tool\project\MavenRepository\xpp3\xpp3_min\1.1.4c\xpp3_min-1.1.4c.jar;D:\develop_tool\project\MavenRepository\org\springframework\cloud\spring-cloud-config-client\2.0.0.RELEASE\spring-cloud-config-client-2.0.0.RELEASE.jar;D:\develop_tool\project\MavenRepository\org\springframework\boot\spring-boot-autoconfigure\2.0.2.RELEASE\spring-boot-autoconfigure-2.0.2.RELEASE.jar;D:\develop_tool\project\MavenRepository\org\springframework\cloud\spring-cloud-commons\2.0.0.RELEASE\spring-cloud-commons-2.0.0.RELEASE.jar;D:\develop_tool\project\MavenRepository\org\springframework\security\spring-security-crypto\5.0.5.RELEASE\spring-security-crypto-5.0.5.RELEASE.jar;D:\develop_tool\project\MavenRepository\org\springframework\cloud\spring-cloud-context\2.0.0.RELEASE\spring-cloud-context-2.0.0.RELEASE.jar;D:\develop_tool\project\MavenRepository\com\fasterxml\jackson\core\jackson-annotations\2.9.0\jackson-annotations-2.9.0.jar;D:\develop_tool\project\MavenRepository\com\fasterxml\jackson\core\jackson-databind\2.9.5\jackson-databind-2.9.5.jar;D:\develop_tool\project\MavenRepository\org\springframework\boot\spring-boot-starter-amqp\2.0.2.RELEASE\spring-boot-starter-amqp-2.0.2.RELEASE.jar;D:\develop_tool\project\MavenRepository\org\springframework\spring-messaging\5.0.6.RELEASE\spring-messaging-5.0.6.RELEASE.jar;D:\develop_tool\project\MavenRepository\org\springframework\amqp\spring-rabbit\2.0.3.RELEASE\spring-rabbit-2.0.3.RELEASE.jar;D:\develop_tool\project\MavenRepository\org\springframework\amqp\spring-amqp\2.0.3.RELEASE\spring-amqp-2.0.3.RELEASE.jar;D:\develop_tool\project\MavenRepository\com\rabbitmq\amqp-client\5.1.2\amqp-client-5.1.2.jar;D:\develop_tool\project\MavenRepository\org\springframework\retry\spring-retry\1.2.2.RELEASE\spring-retry-1.2.2.RELEASE.jar;D:\develop_tool\project\MavenRepository\mysql\mysql-connector-java\5.1.46\mysql-connector-java-5.1.46.jar;D:\develop_tool\project\MavenRepository\org\projectlombok\lombok\1.16.20\lombok-1.16.20.jar;D:\develop_tool\project\MavenRepository\org\springframework\boot\spring-boot-starter-test\2.0.2.RELEASE\spring-boot-starter-test-2.0.2.RELEASE.jar;D:\develop_tool\project\MavenRepository\org\springframework\boot\spring-boot-test\2.0.2.RELEASE\spring-boot-test-2.0.2.RELEASE.jar;D:\develop_tool\project\MavenRepository\org\springframework\boot\spring-boot-test-autoconfigure\2.0.2.RELEASE\spring-boot-test-autoconfigure-2.0.2.RELEASE.jar;D:\develop_tool\project\MavenRepository\com\jayway\jsonpath\json-path\2.4.0\json-path-2.4.0.jar;D:\develop_tool\project\MavenRepository\net\minidev\json-smart\2.3\json-smart-2.3.jar;D:\develop_tool\project\MavenRepository\net\minidev\accessors-smart\1.2\accessors-smart-1.2.jar;D:\develop_tool\project\MavenRepository\org\ow2\asm\asm\5.0.4\asm-5.0.4.jar;D:\develop_tool\project\MavenRepository\junit\junit\4.12\junit-4.12.jar;D:\develop_tool\project\MavenRepository\org\assertj\assertj-core\3.9.1\assertj-core-3.9.1.jar;D:\develop_tool\project\MavenRepository\org\mockito\mockito-core\2.15.0\mockito-core-2.15.0.jar;D:\develop_tool\project\MavenRepository\net\bytebuddy\byte-buddy\1.7.11\byte-buddy-1.7.11.jar;D:\develop_tool\project\MavenRepository\net\bytebuddy\byte-buddy-agent\1.7.11\byte-buddy-agent-1.7.11.jar;D:\develop_tool\project\MavenRepository\org\objenesis\objenesis\2.6\objenesis-2.6.jar;D:\develop_tool\project\MavenRepository\org\hamcrest\hamcrest-core\1.3\hamcrest-core-1.3.jar;D:\develop_tool\project\MavenRepository\org\hamcrest\hamcrest-library\1.3\hamcrest-library-1.3.jar;D:\develop_tool\project\MavenRepository\org\skyscreamer\jsonassert\1.5.0\jsonassert-1.5.0.jar;D:\develop_tool\project\MavenRepository\com\vaadin\external\google\android-json\0.0.20131108.vaadin1\android-json-0.0.20131108.vaadin1.jar;D:\develop_tool\project\MavenRepository\org\springframework\spring-core\5.0.6.RELEASE\spring-core-5.0.6.RELEASE.jar;D:\develop_tool\project\MavenRepository\org\springframework\spring-jcl\5.0.6.RELEASE\spring-jcl-5.0.6.RELEASE.jar;D:\develop_tool\project\MavenRepository\org\springframework\spring-test\5.0.6.RELEASE\spring-test-5.0.6.RELEASE.jar;D:\develop_tool\project\MavenRepository\org\xmlunit\xmlunit-core\2.5.1\xmlunit-core-2.5.1.jar;, user.name=Administrator, java.vm.specification.version=1.8, sun.java.command=C:\Users\ADMINI~1\AppData\Local\Temp\surefire7737421907784690597\surefirebooter5429934574483770165.jar C:\Users\Administrator\AppData\Local\Temp\surefire7737421907784690597 2019-11-02T20-34-11_959-jvmRun1 surefire1826751541622869586tmp surefire_06088590083265786678tmp, java.home=D:\develop_tool\rt\Java\jdk1.8.0_191\jre, sun.arch.data.model=64, user.language=zh, java.specification.vendor=Oracle Corporation, awt.toolkit=sun.awt.windows.WToolkit, java.vm.info=mixed mode, java.version=1.8.0_191, java.ext.dirs=D:\develop_tool\rt\Java\jdk1.8.0_191\jre\lib\ext;C:\WINDOWS\Sun\Java\lib\ext, sun.boot.class.path=D:\develop_tool\rt\Java\jdk1.8.0_191\jre\lib\resources.jar;D:\develop_tool\rt\Java\jdk1.8.0_191\jre\lib\rt.jar;D:\develop_tool\rt\Java\jdk1.8.0_191\jre\lib\sunrsasign.jar;D:\develop_tool\rt\Java\jdk1.8.0_191\jre\lib\jsse.jar;D:\develop_tool\rt\Java\jdk1.8.0_191\jre\lib\jce.jar;D:\develop_tool\rt\Java\jdk1.8.0_191\jre\lib\charsets.jar;D:\develop_tool\rt\Java\jdk1.8.0_191\jre\lib\jfr.jar;D:\develop_tool\rt\Java\jdk1.8.0_191\jre\classes, java.vendor=Oracle Corporation, localRepository=D:\develop_tool\project\MavenRepository, file.separator=\, java.vendor.url.bug=http://bugreport.sun.com/bugreport/, sun.io.unicode.encoding=UnicodeLittle, sun.cpu.endian=little, sun.desktop=windows, sun.cpu.isalist=amd64}}, SystemEnvironmentPropertySource@1386883398 {name='systemEnvironment', properties={PATH=C:\WINDOWS\system32;C:\WINDOWS;C:\WINDOWS\System32\Wbem;C:\WINDOWS\System32\WindowsPowerShell\v1.0\;C:\WINDOWS\System32\OpenSSH\;C:\Program Files (x86)\NVIDIA Corporation\PhysX\Common;D:\develop_tool\rt\Java\jdk1.8.0_191\bin;E:\Program Files\Git\cmd;E:\Program Files\TortoiseGit\bin;D:\develop_tool\tool\cmder;C:\Program Files\NVIDIA Corporation\NVIDIA NvDLISR;D:\develop_tool\tool\jad\jad158g.win\;D:\develop_tool\project\maven-3.5.4\bin;D:\develop_tool\db\MongoDB\Server\4.0\bin;D:\develop_tool\rt\nodejs\;D:\develop_tool\rt\nodejs\npm_modules;C:\Program Files\Intel\WiFi\bin\;C:\Program Files\Common Files\Intel\WirelessCommon\;E:\Program Files\Bandizip\;C:\Users\Administrator\AppData\Local\Microsoft\WindowsApps;C:\IDE\Microsoft VS Code\bin;C:\Users\Administrator\AppData\Roaming\npm;C:\Users\Administrator\AppData\Local\Programs\EmEditor;C:\Program Files\Intel\WiFi\bin\;C:\Program Files\Common Files\Intel\WirelessCommon\, USERDOMAIN_ROAMINGPROFILE=DESKTOP-GT0M2LC, PROCESSOR_LEVEL=6, SYSTEMDRIVE=C:, SESSIONNAME=Console, ALLUSERSPROFILE=C:\ProgramData, PROCESSOR_ARCHITECTURE=AMD64, DRIVERDATA=C:\Windows\System32\Drivers\DriverData, =E:=E:\, MAVEN_HOME=D:\develop_tool\project\maven-3.5.4, PROGRAMFILES=C:\Program Files, MOZ_PLUGIN_PATH=E:\Program Files (x86)\Foxit Software\Foxit Reader\plugins\, PSMODULEPATH=C:\WINDOWS\system32\WindowsPowerShell\v1.0\Modules\, PROGRAMDATA=C:\ProgramData, USERNAME=Administrator, FPS_BROWSER_USER_PROFILE_STRING=Default, ONEDRIVE=C:\Users\Administrator\OneDrive, CMDER_HOME=D:\develop_tool\tool\cmder, PATHEXT=.COM;.EXE;.BAT;.CMD;.VBS;.VBE;.JS;.JSE;.WSF;.WSH;.MSC, WINDIR=C:\WINDOWS, HOMEPATH=\Users\Administrator, PROCESSOR_IDENTIFIER=Intel64 Family 6 Model 158 Stepping 10, GenuineIntel, PUBLIC=C:\Users\Public, =::=::\, LOCALAPPDATA=C:\Users\Administrator\AppData\Local, COMMONPROGRAMFILES(X86)=C:\Program Files (x86)\Common Files, USERDOMAIN=DESKTOP-GT0M2LC, FPS_BROWSER_APP_PROFILE_STRING=Internet Explorer, LOGONSERVER=\\DESKTOP-GT0M2LC, JAVA_HOME=D:\develop_tool\rt\Java\jdk1.8.0_191, PROMPT=$P$G, PROGRAMFILES(X86)=C:\Program Files (x86), ERLANG_HOME=D:\develop_tool\rt\erl10.5, APPDATA=C:\Users\Administrator\AppData\Roaming, PROGRAMW6432=C:\Program Files, SYSTEMROOT=C:\WINDOWS, OS=Windows_NT, COMMONPROGRAMW6432=C:\Program Files\Common Files, COMPUTERNAME=DESKTOP-GT0M2LC, COMMONPROGRAMFILES=C:\Program Files\Common Files, COMSPEC=C:\WINDOWS\system32\cmd.exe, PROCESSOR_REVISION=9e0a, =D:=D:\code\GitRepository\Code\springcloud\user\user-server, TEMP=C:\Users\ADMINI~1\AppData\Local\Temp, HOMEDRIVE=C:, USERPROFILE=C:\Users\Administrator, TMP=C:\Users\ADMINI~1\AppData\Local\Temp, NUMBER_OF_PROCESSORS=12, IDEA_INITIAL_DIRECTORY=C:\IDE\ideaIU-2019.2.3\jbr\bin}}]
20:34:12.754 [main] DEBUG org.springframework.core.io.support.PathMatchingResourcePatternResolver - Resolved classpath location [cn/lastwhisper/test/] to resources [URL [file:/D:/code/GitRepository/Code/springcloud/user/user-server/target/test-classes/cn/lastwhisper/test/]]
20:34:12.754 [main] DEBUG org.springframework.core.io.support.PathMatchingResourcePatternResolver - Looking for matching resources in directory tree [D:\code\GitRepository\Code\springcloud\user\user-server\target\test-classes\cn\lastwhisper\test]
20:34:12.755 [main] DEBUG org.springframework.core.io.support.PathMatchingResourcePatternResolver - Searching directory [D:\code\GitRepository\Code\springcloud\user\user-server\target\test-classes\cn\lastwhisper\test] for files matching pattern [D:/code/GitRepository/Code/springcloud/user/user-server/target/test-classes/cn/lastwhisper/test/*.class]
20:34:12.757 [main] DEBUG org.springframework.core.io.support.PathMatchingResourcePatternResolver - Resolved location pattern [classpath*:cn/lastwhisper/test/*.class] to resources [file [D:\code\GitRepository\Code\springcloud\user\user-server\target\test-classes\cn\lastwhisper\test\UserApplicationTests.class]]
20:34:12.784 [main] DEBUG org.springframework.core.io.support.PathMatchingResourcePatternResolver - Resolved classpath location [cn/lastwhisper/] to resources [URL [file:/D:/code/GitRepository/Code/springcloud/user/user-server/target/test-classes/cn/lastwhisper/], URL [file:/D:/code/GitRepository/Code/springcloud/user/user-server/target/classes/cn/lastwhisper/]]
20:34:12.784 [main] DEBUG org.springframework.core.io.support.PathMatchingResourcePatternResolver - Looking for matching resources in directory tree [D:\code\GitRepository\Code\springcloud\user\user-server\target\test-classes\cn\lastwhisper]
20:34:12.784 [main] DEBUG org.springframework.core.io.support.PathMatchingResourcePatternResolver - Searching directory [D:\code\GitRepository\Code\springcloud\user\user-server\target\test-classes\cn\lastwhisper] for files matching pattern [D:/code/GitRepository/Code/springcloud/user/user-server/target/test-classes/cn/lastwhisper/*.class]
20:34:12.785 [main] DEBUG org.springframework.core.io.support.PathMatchingResourcePatternResolver - Looking for matching resources in directory tree [D:\code\GitRepository\Code\springcloud\user\user-server\target\classes\cn\lastwhisper]
20:34:12.785 [main] DEBUG org.springframework.core.io.support.PathMatchingResourcePatternResolver - Searching directory [D:\code\GitRepository\Code\springcloud\user\user-server\target\classes\cn\lastwhisper] for files matching pattern [D:/code/GitRepository/Code/springcloud/user/user-server/target/classes/cn/lastwhisper/*.class]
20:34:12.785 [main] DEBUG org.springframework.core.io.support.PathMatchingResourcePatternResolver - Resolved location pattern [classpath*:cn/lastwhisper/*.class] to resources []
20:34:12.786 [main] DEBUG org.springframework.core.io.support.PathMatchingResourcePatternResolver - Resolved classpath location [cn/] to resources [URL [file:/D:/code/GitRepository/Code/springcloud/user/user-server/target/test-classes/cn/], URL [file:/D:/code/GitRepository/Code/springcloud/user/user-server/target/classes/cn/]]
20:34:12.786 [main] DEBUG org.springframework.core.io.support.PathMatchingResourcePatternResolver - Looking for matching resources in directory tree [D:\code\GitRepository\Code\springcloud\user\user-server\target\test-classes\cn]
20:34:12.786 [main] DEBUG org.springframework.core.io.support.PathMatchingResourcePatternResolver - Searching directory [D:\code\GitRepository\Code\springcloud\user\user-server\target\test-classes\cn] for files matching pattern [D:/code/GitRepository/Code/springcloud/user/user-server/target/test-classes/cn/*.class]
20:34:12.787 [main] DEBUG org.springframework.core.io.support.PathMatchingResourcePatternResolver - Looking for matching resources in directory tree [D:\code\GitRepository\Code\springcloud\user\user-server\target\classes\cn]
20:34:12.787 [main] DEBUG org.springframework.core.io.support.PathMatchingResourcePatternResolver - Searching directory [D:\code\GitRepository\Code\springcloud\user\user-server\target\classes\cn] for files matching pattern [D:/code/GitRepository/Code/springcloud/user/user-server/target/classes/cn/*.class]
20:34:12.787 [main] DEBUG org.springframework.core.io.support.PathMatchingResourcePatternResolver - Resolved location pattern [classpath*:cn/*.class] to resources []
]]></system-out>
  </testcase>
</testsuite>